Determining if the pthread_create exist failed with the following output:
Change Dir: /home/louis/catkin_ws/build/nabi/CMakeFiles/CMakeTmp

Run Build Command:"/usr/bin/make" "cmTC_49704/fast"
/usr/bin/make -f CMakeFiles/cmTC_49704.dir/build.make CMakeFiles/cmTC_49704.dir/build
make[1]: Entering directory '/home/louis/catkin_ws/build/nabi/CMakeFiles/CMakeTmp'
Building C object CMakeFiles/cmTC_49704.dir/CheckSymbolExists.c.o
/usr/bin/cc    -o CMakeFiles/cmTC_49704.dir/CheckSymbolExists.c.o   -c /home/louis/catkin_ws/build/nabi/CMakeFiles/CMakeTmp/CheckSymbolExists.c
Linking C executable cmTC_49704
/usr/bin/cmake -E cmake_link_script CMakeFiles/cmTC_49704.dir/link.txt --verbose=1
/usr/bin/cc      -rdynamic CMakeFiles/cmTC_49704.dir/CheckSymbolExists.c.o  -o cmTC_49704 
CMakeFiles/cmTC_49704.dir/CheckSymbolExists.c.o: In function `main':
CheckSymbolExists.c:(.text+0x1b): undefined reference to `pthread_create'
collect2: error: ld returned 1 exit status
CMakeFiles/cmTC_49704.dir/build.make:97: recipe for target 'cmTC_49704' failed
make[1]: *** [cmTC_49704] Error 1
make[1]: Leaving directory '/home/louis/catkin_ws/build/nabi/CMakeFiles/CMakeTmp'
Makefile:126: recipe for target 'cmTC_49704/fast' failed
make: *** [cmTC_49704/fast] Error 2

File /home/louis/catkin_ws/build/nabi/CMakeFiles/CMakeTmp/CheckSymbolExists.c:
/* */
#include <pthread.h>

int main(int argc, char** argv)
{
  (void)argv;
#ifndef pthread_create
  return ((int*)(&pthread_create))[argc];
#else
  (void)argc;
  return 0;
#endif
}

Determining if the function pthread_create exists in the pthreads failed with the following output:
Change Dir: /home/louis/catkin_ws/build/nabi/CMakeFiles/CMakeTmp

Run Build Command:"/usr/bin/make" "cmTC_e2b1e/fast"
/usr/bin/make -f CMakeFiles/cmTC_e2b1e.dir/build.make CMakeFiles/cmTC_e2b1e.dir/build
make[1]: Entering directory '/home/louis/catkin_ws/build/nabi/CMakeFiles/CMakeTmp'
Building C object CMakeFiles/cmTC_e2b1e.dir/CheckFunctionExists.c.o
/usr/bin/cc   -DCHECK_FUNCTION_EXISTS=pthread_create   -o CMakeFiles/cmTC_e2b1e.dir/CheckFunctionExists.c.o   -c /usr/share/cmake-3.10/Modules/CheckFunctionExists.c
Linking C executable cmTC_e2b1e
/usr/bin/cmake -E cmake_link_script CMakeFiles/cmTC_e2b1e.dir/link.txt --verbose=1
/usr/bin/cc  -DCHECK_FUNCTION_EXISTS=pthread_create    -rdynamic CMakeFiles/cmTC_e2b1e.dir/CheckFunctionExists.c.o  -o cmTC_e2b1e -lpthreads 
/usr/bin/ld: cannot find -lpthreads
collect2: error: ld returned 1 exit status
CMakeFiles/cmTC_e2b1e.dir/build.make:97: recipe for target 'cmTC_e2b1e' failed
make[1]: *** [cmTC_e2b1e] Error 1
make[1]: Leaving directory '/home/louis/catkin_ws/build/nabi/CMakeFiles/CMakeTmp'
Makefile:126: recipe for target 'cmTC_e2b1e/fast' failed
make: *** [cmTC_e2b1e/fast] Error 2


